<?xml version="1.0" encoding="UTF-8"?>
<!-- Generated by org.testng.reporters.JUnitReportReporter -->
<testsuite hostname="DESKTOP-VTT41FH" failures="0" tests="1" name="com.bankingProject.loginpage.BankHomePageTest" time="25.647" errors="0" timestamp="2023-01-30T14:59:42 IST" skipped="0">
  <testcase classname="com.bankingProject.loginpage.BankHomePageTest" name="testgetcredential" time="25.647"/>
  <system-out/>
</testsuite> <!-- com.bankingProject.loginpage.BankHomePageTest -->
