<?xml version="1.0" encoding="UTF-8"?>
<!-- Generated by org.testng.reporters.JUnitReportReporter -->
<testsuite hostname="DESKTOP-VTT41FH" failures="0" tests="1" name="com.bankingProject.loginpage.NewCustomerTest" time="45.475" errors="0" timestamp="2023-02-03T15:33:23 IST" skipped="0">
  <testcase classname="com.bankingProject.loginpage.NewCustomerTest" name="fillDetails" time="45.475"/>
  <system-out/>
</testsuite> <!-- com.bankingProject.loginpage.NewCustomerTest -->
