<?xml version="1.0" encoding="UTF-8"?>
<!-- Generated by org.testng.reporters.JUnitReportReporter -->
<testsuite hostname="DESKTOP-VTT41FH" failures="0" tests="1" name="com.bankingProject.base.LoginPageTest" time="0.035" errors="0" timestamp="2023-01-21T13:22:23 IST" skipped="0">
  <testcase classname="com.bankingProject.base.LoginPageTest" name="testTitle" time="0.035"/>
  <system-out/>
</testsuite> <!-- com.bankingProject.base.LoginPageTest -->
