<?xml version="1.0" encoding="UTF-8"?>
<!-- Generated by org.testng.reporters.JUnitReportReporter -->
<testsuite hostname="DESKTOP-VTT41FH" failures="0" tests="1" name="com.bankingProject.loginpage.LoginPageTest" time="11.007" errors="0" timestamp="2023-02-03T15:28:42 IST" skipped="0">
  <testcase classname="com.bankingProject.loginpage.LoginPageTest" name="testTitle" time="11.007"/>
  <system-out/>
</testsuite> <!-- com.bankingProject.loginpage.LoginPageTest -->
